snake/app/build/intermediates/manifest_merge_blame_file/debug/manifest-merger-blame-debug-report.txt
1<?xml version="1.0" encoding="utf-8"?>
2<manifest xmlns:android="http://schemas.android.com/apk/res/android"
3    package="com.laduy.snake"
4    android:versionCode="1"
5    android:versionName="1.0" >
6
7    <uses-sdk
8        android:minSdkVersion="19"
8-->src\main\AndroidManifest.xml
9        android:targetSdkVersion="26" />
9-->src\main\AndroidManifest.xml
10
11    <application
11-->src\main\AndroidManifest.xml:5:3-19:17
12        android:allowBackup="true"
12-->src\main\AndroidManifest.xml:6:7-33
13        android:debuggable="true"
14        android:icon="@mipmap/ic_launcher"
14-->src\main\AndroidManifest.xml:7:7-41
15        android:label="@string/app_name"
15-->src\main\AndroidManifest.xml:8:7-39
16        android:roundIcon="@mipmap/ic_launcher_round"
16-->src\main\AndroidManifest.xml:9:7-52
17        android:supportsRtl="true"
17-->src\main\AndroidManifest.xml:10:7-33
18        android:testOnly="true"
19        android:theme="@style/AppTheme" >
19-->src\main\AndroidManifest.xml:11:7-38
20        <activity android:name="com.laduy.snake.MainActivity" >
20-->src\main\AndroidManifest.xml:12:5-18:16
20-->src\main\AndroidManifest.xml:12:15-43
21            <intent-filter>
21-->src\main\AndroidManifest.xml:13:7-17:23
22                <action android:name="android.intent.action.MAIN" />
22-->src\main\AndroidManifest.xml:14:9-60
22-->src\main\AndroidManifest.xml:14:17-58
23
24                <category android:name="android.intent.category.LAUNCHER" />
24-->src\main\AndroidManifest.xml:16:9-68
24-->src\main\AndroidManifest.xml:16:19-66
25            </intent-filter>
26        </activity>
27
28        <meta-data
28-->[com.android.support:appcompat-v7:26.1.0] AndroidManifest.xml:26:9-28:38
29            android:name="android.support.VERSION"
29-->[com.android.support:appcompat-v7:26.1.0] AndroidManifest.xml:27:13-51
30            android:value="26.1.0" />
30-->[com.android.support:appcompat-v7:26.1.0] AndroidManifest.xml:28:13-35
31        <meta-data
31-->[android.arch.lifecycle:runtime:1.0.0] AndroidManifest.xml:25:9-27:47
32            android:name="android.arch.lifecycle.VERSION"
32-->[android.arch.lifecycle:runtime:1.0.0] AndroidManifest.xml:26:13-58
33            android:value="27.0.0-SNAPSHOT" />
33-->[android.arch.lifecycle:runtime:1.0.0] AndroidManifest.xml:27:13-44
34    </application>
35
36</manifest>